

Microchip MPLAB XC8 Assembler V2.41 build 20230208172133 
                                                                                               Mon May 08 00:00:36 2023

Microchip MPLAB XC8 C Compiler v2.41 (Free license) build 20230208172133 Og1 
     1                           	processor	10F200
     2                           	pagewidth 120
     3                           	opt	flic
     4                           	psect	cinit,global,class=ENTRY,merge=1,delta=2
     5                           	psect	cstackBANK0,global,class=BANK0,space=1,delta=1,noexec
     6                           	psect	maintext,global,class=CODE,split=1,delta=2
     7                           	psect	text1,local,class=CODE,merge=1,delta=2
     8                           	psect	jmp_tab,global,class=ENTRY,delta=2
     9                           	psect	text2,local,class=CODE,merge=1,delta=2
    10                           	psect	idloc,global,abs,ovrld,class=IDLOC,space=5,delta=2,noexec
    11                           	psect	config,global,abs,ovrld,class=CONFIG,space=4,delta=2,noexec
    12                           	dabs	1,0x1C,4
    13      000                     
    14                           ; Version 2.40
    15                           ; Generated 06/12/2021 GMT
    16                           ; 
    17                           ; Copyright © 2021, Microchip Technology Inc. and its subsidiaries ("Microchip")
    18                           ; All rights reserved.
    19                           ; 
    20                           ; This software is developed by Microchip Technology Inc. and its subsidiaries ("Microch
      +                          ip").
    21                           ; 
    22                           ; Redistribution and use in source and binary forms, with or without modification, are
    23                           ; permitted provided that the following conditions are met:
    24                           ; 
    25                           ;     1. Redistributions of source code must retain the above copyright notice, this lis
      +                          t of
    26                           ;        conditions and the following disclaimer.
    27                           ; 
    28                           ;     2. Redistributions in binary form must reproduce the above copyright notice, this 
      +                          list
    29                           ;        of conditions and the following disclaimer in the documentation and/or other
    30                           ;        materials provided with the distribution. Publication is not required when
    31                           ;        this file is used in an embedded application.
    32                           ; 
    33                           ;     3. Microchip's name may not be used to endorse or promote products derived from th
      +                          is
    34                           ;        software without specific prior written permission.
    35                           ; 
    36                           ; THIS SOFTWARE IS PROVIDED BY MICROCHIP "AS IS" AND ANY EXPRESS OR IMPLIED WARRANTIES,
    37                           ; INCLUDING, BUT NOT LIMITED TO, THE IMPLIED WARRANTIES OF MERCHANTABILITY AND FITNESS F
      +                          OR
    38                           ; PURPOSE ARE DISCLAIMED.  IN NO EVENT SHALL MICROCHIP BE LIABLE FOR ANY DIRECT, INDIREC
      +                          T,
    39                           ; INCIDENTAL, SPECIAL, EXEMPLARY, OR CONSEQUENTIAL DAMAGES (INCLUDING BUT NOT LIMITED TO
    40                           ; PROCUREMENT OF SUBSTITUTE GOODS OR SERVICES; LOSS OF USE, DATA OR PROFITS; OR BUSINESS
    41                           ; INTERRUPTION) HOWSOEVER CAUSED AND ON ANY THEORY OF LIABILITY, WHETHER IN CONTRACT, ST
      +                          RICT
    42                           ; LIABILITY, OR TORT (INCLUDING NEGLIGENCE OR OTHERWISE) ARISING IN ANY WAY OUT OF THE U
      +                          SE OF
    43                           ; THIS SOFTWARE, EVEN IF ADVISED OF THE POSSIBILITY OF SUCH DAMAGE.
    44                           ; 
    45                           ; 
    46                           ; Code-generator required, PIC10F200 Definitions
    47                           ; 
    48                           ; SFR Addresses
    49      000                     	;# 
    50      001                     	;# 
    51      002                     	;# 
    52      003                     	;# 
    53      004                     	;# 
    54      005                     	;# 
    55      006                     	;# 
    56      006                     _TRIS	set	6
    57      006                     _GPIO	set	6
    58      000                     _OPTION	set	0
    59      005                     _OSCCAL	set	5
    60      033                     _GP3	set	51
    61      032                     _GP2	set	50
    62                           
    63                           	psect	cinit
    64      001                     start_initialization:	
    65                           ; #config settings
    66                           
    67      001                     __initialization:
    68      001                     end_of_initialization:	
    69                           ;End of C runtime variable initialization code
    70                           
    71      001                     __end_of__initialization:
    72      001  0064               	clrf	4
    73      002  0A5E               	ljmp	_main	;jump to C main() function
    74                           
    75                           	psect	cstackBANK0
    76      010                     __pcstackBANK0:
    77      010                     ?_filter:
    78      010                     ??_filter:	
    79                           ; 1 bytes @ 0x0
    80                           
    81      010                     ?_generateOutput:	
    82                           ; 1 bytes @ 0x0
    83                           
    84      010                     ??_generateOutput:	
    85                           ; 1 bytes @ 0x0
    86                           
    87      010                     ?_main:	
    88                           ; 1 bytes @ 0x0
    89                           
    90                           
    91                           ; 1 bytes @ 0x0
    92      010                     	ds	1
    93      011                     filter@signalTime:
    94                           
    95                           ; 1 bytes @ 0x1
    96      011                     	ds	1
    97      012                     filter@count:
    98                           
    99                           ; 1 bytes @ 0x2
   100      012                     	ds	1
   101      013                     generateOutput@count:
   102                           
   103                           ; 2 bytes @ 0x3
   104      013                     	ds	2
   105      015                     generateOutput@i:
   106                           
   107                           ; 1 bytes @ 0x5
   108      015                     	ds	1
   109      016                     ??_main:
   110                           
   111                           ; 1 bytes @ 0x6
   112      016                     	ds	3
   113                           
   114                           	psect	maintext
   115      05E                     __pmaintext:	
   116 ;;
   117 ;;Main: autosize = 0, tempsize = 3, incstack = 0, save=0
   118 ;;
   119 ;; *************** function _main *****************
   120 ;; Defined at:
   121 ;;		line 30 in file "main.c"
   122 ;; Parameters:    Size  Location     Type
   123 ;;		None
   124 ;; Auto vars:     Size  Location     Type
   125 ;;		None
   126 ;; Return value:  Size  Location     Type
   127 ;;                  1   22[None  ] void 
   128 ;; Registers used:
   129 ;;		wreg, fsr0l, fsr0h, status,2, status,0, btemp+0, btemp+1, btemp+3, pclath, cstack
   130 ;; Tracked objects:
   131 ;;		On entry : B00/0
   132 ;;		On exit  : 0/0
   133 ;;		Unchanged: 0/0
   134 ;; Data sizes:     COMMON   BANK0
   135 ;;      Params:         0       0
   136 ;;      Locals:         0       0
   137 ;;      Temps:          0       3
   138 ;;      Totals:         0       3
   139 ;;Total ram usage:        3 bytes
   140 ;; Hardware stack levels required when called: 1
   141 ;; This function calls:
   142 ;;		_filter
   143 ;;		_generateOutput
   144 ;; This function is called by:
   145 ;;		Startup code after reset
   146 ;; This function uses a non-reentrant model
   147 ;;
   148                           
   149      05E                     _main:	
   150                           ;psect for function _main
   151                           
   152      05E                     l648:	
   153                           ;incstack = 0
   154                           ; Regs used in _main: [wreg-fsr0h+status,2-btemp+1+btemp+3+pclath+cstack]
   155                           
   156                           
   157                           ;main.c: 33:     OSCCAL = 0x1E;
   158      05E  0C1E               	movlw	30
   159      05F  0025               	movwf	5	;volatile
   160      060                     l650:
   161                           
   162                           ;main.c: 37:     OPTION = 0x80;
   163      060  0C80               	movlw	128
   164      061  0002               	option
   165      062                     l652:
   166                           
   167                           ;main.c: 40:     GPIO = 0x00;
   168      062  0066               	clrf	6	;volatile
   169      063                     l654:
   170                           
   171                           ;main.c: 44:     TRIS = 0x0A;
   172      063  0C0A               	movlw	10
   173      064  0006               	tris	6
   174      065                     l656:
   175                           
   176                           ;main.c: 48:         GP2 = 0;
   177      065  0446               	bcf	6,2	;volatile
   178      066                     l658:
   179                           
   180                           ;main.c: 49:         filter(200);
   181      066  0CC8               	movlw	200
   182      067  09FE               	fcall	entry__filter
   183      068                     l660:
   184                           
   185                           ;main.c: 50:         _delay(1000000);
   186      068  0C06               	movlw	6
   187      069  0038               	movwf	??_main+2
   188      06A  0C13               	movlw	19
   189      06B  0037               	movwf	??_main+1
   190      06C  0CAD               	movlw	173
   191      06D  0036               	movwf	??_main
   192      06E                     u117:
   193      06E  02F6               	decfsz	??_main,f
   194      06F  0A6E               	goto	u117
   195      070  02F7               	decfsz	??_main+1,f
   196      071  0A6E               	goto	u117
   197      072  02F8               	decfsz	??_main+2,f
   198      073  0A6E               	goto	u117
   199      074  0A75               	nop2
   200      075                     l662:
   201                           
   202                           ;main.c: 52:         generateOutput();
   203      075  09FD               	fcall	entry__generateOutput
   204      076  0A65               	goto	l656
   205      077  0A00               	ljmp	start
   206      078                     __end_of_main:
   207                           
   208                           	psect	text1
   209      003                     __ptext1:	
   210 ;; *************** function _generateOutput *****************
   211 ;; Defined at:
   212 ;;		line 71 in file "main.c"
   213 ;; Parameters:    Size  Location     Type
   214 ;;		None
   215 ;; Auto vars:     Size  Location     Type
   216 ;;  count           2    3[BANK0 ] unsigned int 
   217 ;;  i               1    5[BANK0 ] unsigned char 
   218 ;; Return value:  Size  Location     Type
   219 ;;                  1   16[None  ] void 
   220 ;; Registers used:
   221 ;;		wreg, fsr0l, fsr0h, status,2, status,0, btemp+0, btemp+1, btemp+3
   222 ;; Tracked objects:
   223 ;;		On entry : 0/0
   224 ;;		On exit  : 0/0
   225 ;;		Unchanged: 0/0
   226 ;; Data sizes:     COMMON   BANK0
   227 ;;      Params:         0       0
   228 ;;      Locals:         0       3
   229 ;;      Temps:          0       3
   230 ;;      Totals:         0       6
   231 ;;Total ram usage:        6 bytes
   232 ;; Hardware stack levels used: 1
   233 ;; This function calls:
   234 ;;		Nothing
   235 ;; This function is called by:
   236 ;;		_main
   237 ;; This function uses a non-reentrant model
   238 ;;
   239                           
   240      003                     _generateOutput:	
   241                           ;psect for function _generateOutput
   242                           
   243      003                     l624:
   244                           
   245                           ;main.c: 73:     GP2 = 0;
   246      003  0446               	bcf	6,2	;volatile
   247      004                     l626:
   248                           
   249                           ;main.c: 74:     _delay(500000);
   250      004  0C03               	movlw	3
   251      005  0032               	movwf	??_generateOutput+2
   252      006  0C8A               	movlw	138
   253      007  0031               	movwf	??_generateOutput+1
   254      008  0C55               	movlw	85
   255      009  0030               	movwf	??_generateOutput
   256      00A                     u127:
   257      00A  02F0               	decfsz	??_generateOutput,f
   258      00B  0A0A               	goto	u127
   259      00C  02F1               	decfsz	??_generateOutput+1,f
   260      00D  0A0A               	goto	u127
   261      00E  02F2               	decfsz	??_generateOutput+2,f
   262      00F  0A0A               	goto	u127
   263      010  0A11               	nop2
   264      011                     l628:
   265                           
   266                           ;main.c: 77:     uint8_t i=0;
   267      011  0075               	clrf	generateOutput@i
   268                           
   269                           ;main.c: 78:     while (3 > i){
   270      012  0A38               	goto	l646
   271      013                     l630:
   272                           
   273                           ;main.c: 80:         ++i;
   274      013  0C01               	movlw	1
   275      014  003F               	movwf	btemp+3
   276      015  021F               	movf	btemp+3,w
   277      016  01F5               	addwf	generateOutput@i,f
   278      017                     l632:
   279                           
   280                           ;main.c: 82:         uint16_t count=0;
   281      017  0073               	clrf	generateOutput@count
   282      018  0074               	clrf	generateOutput@count+1
   283                           
   284                           ;main.c: 83:         while(500 > count){
   285      019  0A2F               	goto	l644
   286      01A                     l634:
   287                           
   288                           ;main.c: 84:             count++;
   289      01A  0C01               	movlw	1
   290      01B  003C               	movwf	btemp
   291      01C  007D               	clrf	btemp+1
   292      01D  021C               	movf	wtemp0,w
   293      01E  01F3               	addwf	generateOutput@count,f
   294      01F  0603               	skipnc
   295      020  02B4               	incf	generateOutput@count+1,f
   296      021  021D               	movf	wtemp0+1,w
   297      022  01F4               	addwf	generateOutput@count+1,f
   298      023                     l636:
   299                           
   300                           ;main.c: 86:             GP2 = 1;
   301      023  0546               	bsf	6,2	;volatile
   302      024                     l638:
   303                           
   304                           ;main.c: 87:             _delay(500);
   305      024  0CA6               	movlw	166
   306      025  0030               	movwf	??_generateOutput
   307      026                     u137:
   308      026  02F0               	decfsz	??_generateOutput,f
   309      027  0A26               	goto	u137
   310      028  0000               	nop
   311      029                     l640:
   312                           
   313                           ;main.c: 88:             GP2 = 0;
   314      029  0446               	bcf	6,2	;volatile
   315      02A                     l642:
   316                           
   317                           ;main.c: 89:             _delay(500);
   318      02A  0CA6               	movlw	166
   319      02B  0030               	movwf	??_generateOutput
   320      02C                     u147:
   321      02C  02F0               	decfsz	??_generateOutput,f
   322      02D  0A2C               	goto	u147
   323      02E  0000               	nop
   324      02F                     l644:
   325                           
   326                           ;main.c: 83:         while(500 > count){
   327      02F  0C01               	movlw	1
   328      030  0094               	subwf	generateOutput@count+1,w
   329      031  0CF4               	movlw	244
   330      032  0643               	skipnz
   331      033  0093               	subwf	generateOutput@count,w
   332      034  0703               	skipc
   333      035  0A37               	goto	u91
   334      036  0A38               	goto	u90
   335      037                     u91:
   336      037  0A1A               	goto	l634
   337      038                     u90:
   338      038                     l646:
   339                           
   340                           ;main.c: 78:     while (3 > i){
   341      038  0C03               	movlw	3
   342      039  0095               	subwf	generateOutput@i,w
   343      03A  0703               	skipc
   344      03B  0A3D               	goto	u101
   345      03C  0A3E               	goto	u100
   346      03D                     u101:
   347      03D  0A13               	goto	l630
   348      03E                     u100:
   349      03E                     l46:
   350      03E  0800               	retlw	0
   351      03F                     __end_of_generateOutput:
   352                           
   353                           	psect	jmp_tab
   354      0FD                     __pjmp_tab:	
   355                           ;incstack = 0
   356                           ; Regs used in _generateOutput: [wreg-fsr0h+status,2-btemp+1+btemp+3]
   357                           
   358      0FD                     entry__generateOutput:
   359      0FD  0A03               	ljmp	_generateOutput
   360      0FE                     entry__filter:	
   361                           ;incstack = 0
   362                           ; Regs used in _filter: [wreg-fsr0h+status,2+status,0+btemp+3]
   363                           
   364      0FE  0A3F               	ljmp	_filter
   365                           
   366                           	psect	text2
   367      03F                     __ptext2:	
   368 ;; *************** function _filter *****************
   369 ;; Defined at:
   370 ;;		line 57 in file "main.c"
   371 ;; Parameters:    Size  Location     Type
   372 ;;  signalTime      1    wreg     unsigned char 
   373 ;; Auto vars:     Size  Location     Type
   374 ;;  signalTime      1    1[BANK0 ] unsigned char 
   375 ;;  count           1    2[BANK0 ] unsigned char 
   376 ;; Return value:  Size  Location     Type
   377 ;;                  1   12[None  ] void 
   378 ;; Registers used:
   379 ;;		wreg, fsr0l, fsr0h, status,2, status,0, btemp+3
   380 ;; Tracked objects:
   381 ;;		On entry : 0/0
   382 ;;		On exit  : 0/0
   383 ;;		Unchanged: 0/0
   384 ;; Data sizes:     COMMON   BANK0
   385 ;;      Params:         0       0
   386 ;;      Locals:         0       2
   387 ;;      Temps:          0       1
   388 ;;      Totals:         0       3
   389 ;;Total ram usage:        3 bytes
   390 ;; Hardware stack levels used: 1
   391 ;; This function calls:
   392 ;;		Nothing
   393 ;; This function is called by:
   394 ;;		_main
   395 ;; This function uses a non-reentrant model
   396 ;;
   397                           
   398      03F                     _filter:	
   399                           ;psect for function _filter
   400                           
   401                           
   402                           ;filter@signalTime stored from wreg
   403      03F  0031               	movwf	filter@signalTime
   404      040                     l610:
   405                           
   406                           ;main.c: 58:     uint8_t count = 0;
   407      040  0072               	clrf	filter@count
   408      041                     l612:	
   409                           ;main.c: 59:     while (1 == GP3) {
   410                           
   411                           
   412                           ;main.c: 59:     while (1 == GP3) {
   413      041  0666               	btfsc	6,3	;volatile
   414      042  0A44               	goto	u61
   415      043  0A45               	goto	u60
   416      044                     u61:
   417      044  0A41               	goto	l612
   418      045                     u60:
   419      045  0A57               	goto	l622
   420      046                     l614:
   421                           
   422                           ;main.c: 62:         if (GP3 == 0) {
   423      046  0666               	btfsc	6,3	;volatile
   424      047  0A49               	goto	u71
   425      048  0A4A               	goto	u70
   426      049                     u71:
   427      049  0A4C               	goto	l618
   428      04A                     u70:
   429      04A                     l616:
   430                           
   431                           ;main.c: 63:             count = 0;
   432      04A  0072               	clrf	filter@count
   433                           
   434                           ;main.c: 64:         } else {
   435      04B  0A50               	goto	l620
   436      04C                     l618:
   437                           
   438                           ;main.c: 65:             count++;
   439      04C  0C01               	movlw	1
   440      04D  003F               	movwf	btemp+3
   441      04E  021F               	movf	btemp+3,w
   442      04F  01F2               	addwf	filter@count,f
   443      050                     l620:
   444                           
   445                           ;main.c: 67:         _delay(970);
   446      050  0CC1               	movlw	193
   447      051  0030               	movwf	??_filter
   448      052                     u157:
   449      052  0A53               	nop2
   450      053  02F0               	decfsz	??_filter,f
   451      054  0A52               	goto	u157
   452      055  0A56               	nop2
   453      056  0A57               	nop2
   454      057                     l622:
   455                           
   456                           ;main.c: 61:     while (count < signalTime) {
   457      057  0211               	movf	filter@signalTime,w
   458      058  0092               	subwf	filter@count,w
   459      059  0703               	skipc
   460      05A  0A5C               	goto	u81
   461      05B  0A5D               	goto	u80
   462      05C                     u81:
   463      05C  0A46               	goto	l614
   464      05D                     u80:
   465      05D                     l37:
   466      05D  0800               	retlw	0
   467      05E                     __end_of_filter:
   468      01C                     btemp	set	28	;btemp
   469      01C                     wtemp0	set	28
   470      01E                     wtemp1	set	30
   471      01C                     ttemp0	set	28
   472      01C                     ltemp0	set	28
   473                           
   474                           	psect	idloc
   475                           
   476                           ;Config register IDLOC0 @ 0x100
   477                           ;	unspecified, using default values
   478      100                     	org	256
   479      100  0FFF               	dw	4095
   480                           
   481                           ;Config register IDLOC1 @ 0x101
   482                           ;	unspecified, using default values
   483      101                     	org	257
   484      101  0FFF               	dw	4095
   485                           
   486                           ;Config register IDLOC2 @ 0x102
   487                           ;	unspecified, using default values
   488      102                     	org	258
   489      102  0FFF               	dw	4095
   490                           
   491                           ;Config register IDLOC3 @ 0x103
   492                           ;	unspecified, using default values
   493      103                     	org	259
   494      103  0FFF               	dw	4095
   495                           
   496                           	psect	config
   497                           
   498                           ;Config register CONFIG @ 0xFFF
   499                           ;	Oscillator
   500                           ;	OSC = 0x1, unprogrammed default
   501                           ;	Watchdog Timer
   502                           ;	WDTE = OFF, WDT disabled
   503                           ;	Code Protect
   504                           ;	CP = OFF, Code protection off
   505                           ;	Master Clear Enable
   506                           ;	MCLRE = OFF, GP3/MCLR pin fuction is digital I/O, MCLR internally tied to VDD
   507      FFF                     	org	4095
   508      FFF  0FEB               	dw	4075

Data Sizes:
    Strings     0
    Constant    0
    Data        0
    BSS         0
    Persistent  0
    Stack       0

Auto Spaces:
    Space          Size  Autos    Used
    COMMON            0      0       0
    BANK0            14      9       9

Pointer List with Targets:

    None.

Critical Paths under _main in COMMON

    None.

Critical Paths under _main in BANK0

    _main->_generateOutput

Call Graph Tables:

 ---------------------------------------------------------------------------------
 (Depth) Function   	        Calls       Base Space   Used Autos Params    Refs
 ---------------------------------------------------------------------------------
 (0) _main                                                 3     3      0      95
                                              6 BANK0      3     3      0
                             _filter
                     _generateOutput
 ---------------------------------------------------------------------------------
 (1) _generateOutput                                       6     6      0      48
                                              0 BANK0      6     6      0
 ---------------------------------------------------------------------------------
 (1) _filter                                               3     3      0      47
                                              0 BANK0      3     3      0
 ---------------------------------------------------------------------------------
 Estimated maximum stack depth 1
 ---------------------------------------------------------------------------------

 Call Graph Graphs:

 _main (ROOT)
   _filter
   _generateOutput

 Address spaces:
Name               Size   Autos  Total    Cost      Usage
BITCOMMON            0      0       0       0        0.0%
NULL                 0      0       0       0        0.0%
CODE                 0      0       0       0        0.0%
BITSFR0              0      0       0       1        0.0%
SFR0                 0      0       0       1        0.0%
COMMON               0      0       0       1        0.0%
STACK                0      0       0       2        0.0%
BANK0                E      9       9       3       64.3%
ABS                  0      0       0       4        0.0%
DATA                 0      0       0       5        0.0%
BITBANK0             E      0       0       6        0.0%


Microchip Technology PIC Macro Assembler V2.41 build 20230208172133 
Symbol Table                                                                                   Mon May 08 00:00:36 2023

                     l37 005D                       l46 003E                       u60 0045  
                     u61 0044                       u70 004A                       u71 0049  
                     u80 005D                       u81 005C                       u90 0038  
                     u91 0037                       fsr 0004                      l610 0040  
                    l620 0050                      l612 0041                      l614 0046  
                    l622 0057                      l630 0013                      l616 004A  
                    l640 0029                      l632 0017                      l624 0003  
                    l618 004C                      l642 002A                      l634 001A  
                    l626 0004                      l650 0060                      l636 0023  
                    l644 002F                      l628 0011                      l660 0068  
                    l652 0062                      l638 0024                      l646 0038  
                    l662 0075                      l654 0063                      l656 0065  
                    l648 005E                      l658 0066                      _GP2 0032  
                    _GP3 0033                      u100 003E                      u101 003D  
                    u117 006E                      u127 000A                      u137 0026  
                    u147 002C                      u157 0052                     _GPIO 0006  
                   _TRIS 0006                     _main 005E                     btemp 001C  
                   start 0000              filter@count 0012                    ?_main 0010  
   entry__generateOutput 00FD                    ltemp0 001C                    ttemp0 001C  
                  wtemp0 001C                    wtemp1 001E          __initialization 0001  
           __end_of_main 0078                   ??_main 0016         ??_generateOutput 0010  
                 _OSCCAL 0005                   _OPTION 0000          generateOutput@i 0015  
                 _filter 003F  __end_of__initialization 0001      generateOutput@count 0013  
             __pmaintext 005E                  ?_filter 0010             entry__filter 00FE  
                __ptext1 0003                  __ptext2 003F     end_of_initialization 0001  
         __end_of_filter 005E      start_initialization 0001                 ??_filter 0010  
              ___latbits 0000            __pcstackBANK0 0010                __pjmp_tab 00FD  
         _generateOutput 0003   __end_of_generateOutput 003F          ?_generateOutput 0010  
       filter@signalTime 0011  
